d:\visual_studio\vscode\ghostescape\build\ghostescape-windows.dir\debug\vc143.pdb
d:\visual_studio\vscode\ghostescape\build\ghostescape-windows.dir\debug\scene_main.obj
d:\visual_studio\vscode\ghostescape\build\ghostescape-windows.dir\debug\player.obj
d:\visual_studio\vscode\ghostescape\build\ghostescape-windows.dir\debug\object_world.obj
d:\visual_studio\vscode\ghostescape\build\ghostescape-windows.dir\debug\game.obj
d:\visual_studio\vscode\ghostescape\build\ghostescape-windows.dir\debug\scene.obj
d:\visual_studio\vscode\ghostescape\build\ghostescape-windows.dir\debug\main.obj
d:\visual_studio\vscode\ghostescape\build\ghostescape-windows.dir\debug\asset_store.obj
d:\visual_studio\vscode\ghostescape\build\ghostescape-windows.dir\debug\object.obj
d:\visual_studio\vscode\ghostescape\build\ghostescape-windows.dir\debug\sprite.obj
d:\visual_studio\vscode\ghostescape\build\ghostescape-windows.dir\debug\object_affiliate.obj
d:\visual_studio\vscode\ghostescape\build\ghostescape-windows.dir\debug\sprite_anim.obj
d:\visual_studio\vscode\ghostescape\build\ghostescape-windows.dir\debug\actor.obj
d:\visual_studio\vscode\ghostescape\build\ghostescape-windows.dir\debug\enemy.obj
d:\visual_studio\vscode\ghostescape\build\ghostescape-windows.dir\debug\collider.obj
d:\visual_studio\vscode\ghostescape\build\cmakefiles\generate.stamp
d:\visual_studio\vscode\ghostescape\ghostescape-windows.exe
d:\visual_studio\vscode\ghostescape\ghostescape-windows.pdb
d:\visual_studio\vscode\ghostescape\build\ghostescape-windows.dir\debug\ghostescape-windows.ilk
d:\visual_studio\vscode\ghostescape\build\ghostescape-windows.dir\debug\ghostesc.3f32b593.tlog\cl.command.1.tlog
d:\visual_studio\vscode\ghostescape\build\ghostescape-windows.dir\debug\ghostesc.3f32b593.tlog\cl.items.tlog
d:\visual_studio\vscode\ghostescape\build\ghostescape-windows.dir\debug\ghostesc.3f32b593.tlog\cl.read.1.tlog
d:\visual_studio\vscode\ghostescape\build\ghostescape-windows.dir\debug\ghostesc.3f32b593.tlog\cl.write.1.tlog
d:\visual_studio\vscode\ghostescape\build\ghostescape-windows.dir\debug\ghostesc.3f32b593.tlog\custombuild.command.1.tlog
d:\visual_studio\vscode\ghostescape\build\ghostescape-windows.dir\debug\ghostesc.3f32b593.tlog\custombuild.read.1.tlog
d:\visual_studio\vscode\ghostescape\build\ghostescape-windows.dir\debug\ghostesc.3f32b593.tlog\custombuild.write.1.tlog
d:\visual_studio\vscode\ghostescape\build\ghostescape-windows.dir\debug\ghostesc.3f32b593.tlog\link.command.1.tlog
d:\visual_studio\vscode\ghostescape\build\ghostescape-windows.dir\debug\ghostesc.3f32b593.tlog\link.read.1.tlog
d:\visual_studio\vscode\ghostescape\build\ghostescape-windows.dir\debug\ghostesc.3f32b593.tlog\link.secondary.1.tlog
d:\visual_studio\vscode\ghostescape\build\ghostescape-windows.dir\debug\ghostesc.3f32b593.tlog\link.write.1.tlog
